f:\code\c++\neuro dash\neuro dash\release\vc140.pdb
f:\code\c++\neuro dash\neuro dash\release\main.obj
f:\code\c++\neuro dash\neuro dash\release\game.obj
f:\code\c++\neuro dash\neuro dash\release\playeractor.obj
f:\code\c++\neuro dash\neuro dash\release\player.obj
f:\code\c++\neuro dash\neuro dash\release\level.obj
f:\code\c++\neuro dash\neuro dash\release\population.obj
f:\code\c++\neuro dash\neuro dash\release\pugixml.obj
f:\code\c++\neuro dash\neuro dash\release\nweight.obj
f:\code\c++\neuro dash\neuro dash\release\nnetwork.obj
f:\code\c++\neuro dash\neuro dash\release\actor.obj
f:\code\c++\neuro dash\neuro dash\release\imgui_draw.obj
f:\code\c++\neuro dash\neuro dash\release\imgui_demo.obj
f:\code\c++\neuro dash\neuro dash\release\imgui.obj
f:\code\c++\neuro dash\neuro dash\release\imgui-sfml.obj
f:\code\c++\neuro dash\release\neuro dash.exe
f:\code\c++\neuro dash\release\neuro dash.ipdb
f:\code\c++\neuro dash\release\neuro dash.iobj
f:\code\c++\neuro dash\release\neuro dash.pdb
f:\code\c++\neuro dash\neuro dash\release\neuro dash.tlog\cl.command.1.tlog
f:\code\c++\neuro dash\neuro dash\release\neuro dash.tlog\cl.read.1.tlog
f:\code\c++\neuro dash\neuro dash\release\neuro dash.tlog\cl.write.1.tlog
f:\code\c++\neuro dash\neuro dash\release\neuro dash.tlog\link.command.1.tlog
f:\code\c++\neuro dash\neuro dash\release\neuro dash.tlog\link.read.1.tlog
f:\code\c++\neuro dash\neuro dash\release\neuro dash.tlog\link.write.1.tlog
